C:\Users\User\Desktop\c_sharp\book-shop\book-shop\frontend-angular\dist\out-tsc\app\shared\product.js
C:\Users\User\Desktop\c_sharp\book-shop\book-shop\frontend-angular\dist\out-tsc\app\shared\product.js.map
C:\Users\User\Desktop\c_sharp\book-shop\book-shop\frontend-angular\dist\out-tsc\app\shared\order.js
C:\Users\User\Desktop\c_sharp\book-shop\book-shop\frontend-angular\dist\out-tsc\app\shared\order.js.map
C:\Users\User\Desktop\c_sharp\book-shop\book-shop\frontend-angular\dist\out-tsc\app\shared\LoginResults.js
C:\Users\User\Desktop\c_sharp\book-shop\book-shop\frontend-angular\dist\out-tsc\app\shared\LoginResults.js.map
C:\Users\User\Desktop\c_sharp\book-shop\book-shop\frontend-angular\dist\out-tsc\app\services\store.service.js
C:\Users\User\Desktop\c_sharp\book-shop\book-shop\frontend-angular\dist\out-tsc\app\services\store.service.js.map
C:\Users\User\Desktop\c_sharp\book-shop\book-shop\frontend-angular\dist\out-tsc\app\views\product-list-view\product-list-view.component.js
C:\Users\User\Desktop\c_sharp\book-shop\book-shop\frontend-angular\dist\out-tsc\app\views\product-list-view\product-list-view.component.js.map
C:\Users\User\Desktop\c_sharp\book-shop\book-shop\frontend-angular\dist\out-tsc\app\app.component.js
C:\Users\User\Desktop\c_sharp\book-shop\book-shop\frontend-angular\dist\out-tsc\app\app.component.js.map
C:\Users\User\Desktop\c_sharp\book-shop\book-shop\frontend-angular\dist\out-tsc\app\pages\cart-page\cart-page.component.js
C:\Users\User\Desktop\c_sharp\book-shop\book-shop\frontend-angular\dist\out-tsc\app\pages\cart-page\cart-page.component.js.map
C:\Users\User\Desktop\c_sharp\book-shop\book-shop\frontend-angular\dist\out-tsc\app\pages\checkout-page\checkout-page.component.js
C:\Users\User\Desktop\c_sharp\book-shop\book-shop\frontend-angular\dist\out-tsc\app\pages\checkout-page\checkout-page.component.js.map
C:\Users\User\Desktop\c_sharp\book-shop\book-shop\frontend-angular\dist\out-tsc\app\pages\shop-page\shop-page.component.js
C:\Users\User\Desktop\c_sharp\book-shop\book-shop\frontend-angular\dist\out-tsc\app\pages\shop-page\shop-page.component.js.map
C:\Users\User\Desktop\c_sharp\book-shop\book-shop\frontend-angular\dist\out-tsc\app\pages\login-page\login-page.component.js
C:\Users\User\Desktop\c_sharp\book-shop\book-shop\frontend-angular\dist\out-tsc\app\pages\login-page\login-page.component.js.map
C:\Users\User\Desktop\c_sharp\book-shop\book-shop\frontend-angular\dist\out-tsc\app\pages\profile\profile.component.js
C:\Users\User\Desktop\c_sharp\book-shop\book-shop\frontend-angular\dist\out-tsc\app\pages\profile\profile.component.js.map
C:\Users\User\Desktop\c_sharp\book-shop\book-shop\frontend-angular\dist\out-tsc\app\services\authActivator.service.js
C:\Users\User\Desktop\c_sharp\book-shop\book-shop\frontend-angular\dist\out-tsc\app\services\authActivator.service.js.map
C:\Users\User\Desktop\c_sharp\book-shop\book-shop\frontend-angular\dist\out-tsc\app\views\order\order.component.js
C:\Users\User\Desktop\c_sharp\book-shop\book-shop\frontend-angular\dist\out-tsc\app\views\order\order.component.js.map
C:\Users\User\Desktop\c_sharp\book-shop\book-shop\frontend-angular\dist\out-tsc\app\router\index.js
C:\Users\User\Desktop\c_sharp\book-shop\book-shop\frontend-angular\dist\out-tsc\app\router\index.js.map
C:\Users\User\Desktop\c_sharp\book-shop\book-shop\frontend-angular\dist\out-tsc\app\views\navbar\navbar.component.js
C:\Users\User\Desktop\c_sharp\book-shop\book-shop\frontend-angular\dist\out-tsc\app\views\navbar\navbar.component.js.map
C:\Users\User\Desktop\c_sharp\book-shop\book-shop\frontend-angular\dist\out-tsc\app\app.module.js
C:\Users\User\Desktop\c_sharp\book-shop\book-shop\frontend-angular\dist\out-tsc\app\app.module.js.map
C:\Users\User\Desktop\c_sharp\book-shop\book-shop\frontend-angular\dist\out-tsc\environments\environment.js
C:\Users\User\Desktop\c_sharp\book-shop\book-shop\frontend-angular\dist\out-tsc\environments\environment.js.map
C:\Users\User\Desktop\c_sharp\book-shop\book-shop\frontend-angular\dist\out-tsc\main.js
C:\Users\User\Desktop\c_sharp\book-shop\book-shop\frontend-angular\dist\out-tsc\main.js.map
C:\Users\User\Desktop\c_sharp\book-shop\book-shop\frontend-angular\dist\out-tsc\polyfills.js
C:\Users\User\Desktop\c_sharp\book-shop\book-shop\frontend-angular\dist\out-tsc\polyfills.js.map
C:\Users\User\Desktop\c_sharp\book-shop\book-shop\frontend-angular\dist\out-tsc\environments\environment.prod.js
C:\Users\User\Desktop\c_sharp\book-shop\book-shop\frontend-angular\dist\out-tsc\environments\environment.prod.js.map
